<?xml version="1.0" encoding="UTF-8"?>
<testsuite xmlns:xsi="http://www.w3.org/2001/XMLSchema-instance" xsi:noNamespaceSchemaLocation="https://maven.apache.org/surefire/maven-surefire-plugin/xsd/surefire-test-report-3.0.xsd" version="3.0" name="com.ddd.adaptor.ddd.input.DddControllerTest" time="2.522" tests="1" errors="0" skipped="0" failures="0">
  <properties>
[...]
</properties>
  <testcase name="shouldCoverAllDddPatterns" classname="com.ddd.adaptor.ddd.input.DddControllerTest" time="0.74">
    <system-out><![CDATA[
  .   ____          _            __ _ _
 /\\ / ___'_ __ _ _(_)_ __  __ _ \ \ \ \
( ( )\___ | '_ | '_| | '_ \/ _` | \ \ \ \
 \\/  ___)| |_)| | | | | || (_| |  ) ) ) )
  '  |____| .__|_| |_|_| |_\__, | / / / /
 =========|_|==============|___/=/_/_/_/

 :: Spring Boot ::               (v3.3.12)

2026-09-18 09:47:11.732 INFO  [thread=background-preinit] [traceId=none] o.h.validator.internal.util.Version - HV000001: Hibernate Validator 8.0.2.Final
2026-09-18 09:47:11.757 INFO  [thread=main] [traceId=none] c.d.a.ddd.input.DddControllerTest - Starting DddControllerTest using Java 17.0.19 with PID 15771 (started by monkey in /private/var/folders/_w/fr_6d7fx5557htgb6q12d_5h0000gn/T/ddd-vertical-snapshot-oinghfh9/project/ddd-start)
2026-09-18 09:47:11.758 INFO  [thread=main] [traceId=none] c.d.a.ddd.input.DddControllerTest - No active profile set, falling back to 1 default profile: "default"
 _ _   |_  _ _|_. ___ _ |    _ 
| | |\/|_)(_| | |_\  |_)||_|_\ 
     /               |         
                        null 
2026-09-18 09:47:12.464 INFO  [thread=main] [traceId=none] com.zaxxer.hikari.HikariDataSource - HikariPool-1 - Starting...
2026-09-18 09:47:12.667 INFO  [thread=main] [traceId=none] com.zaxxer.hikari.pool.HikariPool - HikariPool-1 - Added connection conn0: url=jdbc:h2:mem:ddd user=SA
2026-09-18 09:47:12.668 INFO  [thread=main] [traceId=none] com.zaxxer.hikari.HikariDataSource - HikariPool-1 - Start completed.
2026-09-18 09:47:13.007 INFO  [thread=main] [traceId=none] c.b.m.s.MybatisPlusApplicationContextAware - Register ApplicationContext instances org.springframework.web.context.support.GenericWebApplicationContext@58faa93b
2026-09-18 09:47:13.040 INFO  [thread=main] [traceId=none] o.s.b.t.m.w.SpringBootMockServletContext - Initializing Spring TestDispatcherServlet ''
2026-09-18 09:47:13.041 INFO  [thread=main] [traceId=none] o.s.t.w.s.TestDispatcherServlet - Initializing Servlet ''
2026-09-18 09:47:13.042 INFO  [thread=main] [traceId=none] o.s.t.w.s.TestDispatcherServlet - Completed initialization in 0 ms
2026-09-18 09:47:13.055 INFO  [thread=main] [traceId=none] c.d.a.ddd.input.DddControllerTest - Started DddControllerTest in 1.541 seconds (process running for 2.076)
2026-09-18 09:47:13.669 WARN  [thread=main] [traceId=none] c.d.d.d.service.DddRuleDomainService - DDD 规则领域处理失败, code=DOMAIN_RULE_NOT_FOUND
2026-09-18 09:47:13.798 WARN  [thread=main] [traceId=none] c.d.a.d.output.DddOutputAdaptorImpl - DDD 外部适配失败, code=ADAPTOR_REQUEST_INVALID
]]></system-out>
  </testcase>
</testsuite>